1747496113.9758987 | Node Node2 | sign_vote | Signed block Block(Index: 240, TXs: 1, Validator: Node2)
1747496113.9819667 | Node Node2 | simulate_peer_vote | Trust 1.00 → approve
1747496113.990807 | Node Node2 | update_uptime | 1.000 → 1.000
1747496113.998595 | Node Node2 | update_trust | 1.000 → 1.000
1747496114.0007207 | Node Node3 | simulate_peer_vote | Trust 1.00 → approve
1747496114.009735 | Node Node3 | update_uptime | 1.000 → 1.000
1747496114.018441 | Node Node3 | update_trust | 1.000 → 1.000
1747496114.0209851 | Node Node1 | simulate_quorum_vote | 2/2 approvals
1747496114.0238318 | Node Node1 | sign_vote | Signed block Block(Index: 240, TXs: 1, Validator: Node2)
1747496114.0312762 | Node Node1 | simulate_peer_vote | Trust 1.00 → approve
1747496114.0422006 | Node Node1 | update_uptime | 1.000 → 1.000
1747496114.0541122 | Node Node1 | update_trust | 1.000 → 1.000
1747496114.0575736 | Node Node2 | simulate_peer_vote | Trust 1.00 → approve
1747496114.069788 | Node Node2 | update_uptime | 1.000 → 1.000
1747496114.079429 | Node Node2 | update_trust | 1.000 → 1.000
1747496114.0820966 | Node Node3 | simulate_quorum_vote | 2/2 approvals
1747496114.0848546 | Node Node3 | sign_vote | Signed block Block(Index: 240, TXs: 1, Validator: Node2)
1747496161.5844152 | Node Node1 | sign_vote | Signed block Block(Index: 241, TXs: 1, Validator: Node1)
1747496161.5902078 | Node Node1 | simulate_peer_vote | Trust 1.00 → approve
1747496161.5976923 | Node Node1 | update_uptime | 1.000 → 1.000
1747496161.604535 | Node Node1 | update_trust | 1.000 → 1.000
1747496161.6074846 | Node Node3 | simulate_peer_vote | Trust 1.00 → approve
1747496161.6161277 | Node Node3 | update_uptime | 1.000 → 1.000
1747496161.6249132 | Node Node3 | update_trust | 1.000 → 1.000
1747496161.6272466 | Node Node2 | simulate_quorum_vote | 2/2 approvals
1747496161.6297746 | Node Node2 | sign_vote | Signed block Block(Index: 241, TXs: 1, Validator: Node1)
1747496161.6408558 | Node Node1 | simulate_peer_vote | Trust 1.00 → approve
1747496161.652788 | Node Node1 | update_uptime | 1.000 → 1.000
1747496161.665138 | Node Node1 | update_trust | 1.000 → 1.000
1747496161.6684074 | Node Node2 | simulate_peer_vote | Trust 1.00 → approve
1747496161.6809144 | Node Node2 | update_uptime | 1.000 → 1.000
1747496161.692491 | Node Node2 | update_trust | 1.000 → 1.000
1747496161.6957095 | Node Node3 | simulate_quorum_vote | 2/2 approvals
1747496161.6989703 | Node Node3 | sign_vote | Signed block Block(Index: 241, TXs: 1, Validator: Node1)
1747496172.8863547 | Node Node1 | sign_vote | Signed block Block(Index: 242, TXs: 2, Validator: Node1)
1747496172.8916626 | Node Node1 | simulate_peer_vote | Trust 1.00 → approve
1747496172.8983827 | Node Node1 | update_uptime | 1.000 → 1.000
1747496172.9068158 | Node Node1 | update_trust | 1.000 → 1.000
1747496172.909716 | Node Node3 | simulate_peer_vote | Trust 1.00 → approve
1747496172.9176242 | Node Node3 | update_uptime | 1.000 → 1.000
1747496172.927711 | Node Node3 | update_trust | 1.000 → 1.000
1747496172.9305072 | Node Node2 | simulate_quorum_vote | 2/2 approvals
1747496172.9338605 | Node Node2 | sign_vote | Signed block Block(Index: 242, TXs: 2, Validator: Node1)
1747496172.9427128 | Node Node1 | simulate_peer_vote | Trust 1.00 → approve
1747496172.9543917 | Node Node1 | update_uptime | 1.000 → 1.000
1747496172.965351 | Node Node1 | update_trust | 1.000 → 1.000
1747496172.9685183 | Node Node2 | simulate_peer_vote | Trust 1.00 → approve
1747496172.9824505 | Node Node2 | update_uptime | 1.000 → 1.000
1747496172.9970534 | Node Node2 | update_trust | 1.000 → 1.000
1747496173.0014534 | Node Node3 | simulate_quorum_vote | 2/2 approvals
1747496173.0061936 | Node Node3 | sign_vote | Signed block Block(Index: 242, TXs: 2, Validator: Node1)
1747499628.9538758 | Node Node1 | sign_vote | Signed block Block(Index: 1, TXs: 1, Validator: Node1)
1747499628.964039 | Node Node1 | simulate_peer_vote | Trust 1.00 → approve
1747499628.9707444 | Node Node1 | update_uptime | 1.000 → 1.000
1747499628.978506 | Node Node1 | update_trust | 1.000 → 1.000
1747499628.9810889 | Node Node3 | simulate_peer_vote | Trust 1.00 → approve
1747499628.9894485 | Node Node3 | update_uptime | 1.000 → 1.000
1747499628.9984999 | Node Node3 | update_trust | 1.000 → 1.000
1747499629.0011213 | Node Node2 | simulate_quorum_vote | 2/2 approvals
1747499629.003627 | Node Node2 | sign_vote | Signed block Block(Index: 1, TXs: 1, Validator: Node1)
1747499629.009888 | Node Node1 | simulate_peer_vote | Trust 1.00 → approve
1747499629.0176344 | Node Node1 | update_uptime | 1.000 → 1.000
1747499629.0256848 | Node Node1 | update_trust | 1.000 → 1.000
1747499629.0279806 | Node Node2 | simulate_peer_vote | Trust 1.00 → approve
1747499629.0348403 | Node Node2 | update_uptime | 1.000 → 1.000
1747499629.041535 | Node Node2 | update_trust | 1.000 → 1.000
1747499629.043554 | Node Node3 | simulate_quorum_vote | 2/2 approvals
1747499629.0454824 | Node Node3 | sign_vote | Signed block Block(Index: 1, TXs: 1, Validator: Node1)
1747499636.2119696 | Node Node1 | sign_vote | Signed block Block(Index: 2, TXs: 1, Validator: Node1)
1747499636.2178895 | Node Node1 | simulate_peer_vote | Trust 1.00 → approve
1747499636.2277625 | Node Node1 | update_uptime | 1.000 → 1.000
1747499636.2363143 | Node Node1 | update_trust | 1.000 → 1.000
1747499636.2385328 | Node Node3 | simulate_peer_vote | Trust 1.00 → approve
1747499636.2473328 | Node Node3 | update_uptime | 1.000 → 1.000
1747499636.2572298 | Node Node3 | update_trust | 1.000 → 1.000
1747499636.26008 | Node Node2 | simulate_quorum_vote | 2/2 approvals
1747499636.2632778 | Node Node2 | sign_vote | Signed block Block(Index: 2, TXs: 1, Validator: Node1)
1747499636.271931 | Node Node1 | simulate_peer_vote | Trust 1.00 → approve
1747499636.2840567 | Node Node1 | update_uptime | 1.000 → 1.000
1747499636.2968779 | Node Node1 | update_trust | 1.000 → 1.000
1747499636.3005488 | Node Node2 | simulate_peer_vote | Trust 1.00 → approve
1747499636.3123045 | Node Node2 | update_uptime | 1.000 → 1.000
1747499636.323517 | Node Node2 | update_trust | 1.000 → 1.000
1747499636.3265786 | Node Node3 | simulate_quorum_vote | 2/2 approvals
1747499636.3297517 | Node Node3 | sign_vote | Signed block Block(Index: 2, TXs: 1, Validator: Node1)
1747499706.8136106 | Node Node1 | sign_vote | Signed block Block(Index: 3, TXs: 1, Validator: Node1)
1747499706.8188248 | Node Node1 | simulate_peer_vote | Trust 1.00 → approve
1747499706.8254871 | Node Node1 | update_uptime | 1.000 → 1.000
1747499706.8321583 | Node Node1 | update_trust | 1.000 → 1.000
1747499706.8339221 | Node Node3 | simulate_peer_vote | Trust 1.00 → approve
1747499706.8411589 | Node Node3 | update_uptime | 1.000 → 1.000
1747499706.850268 | Node Node3 | update_trust | 1.000 → 1.000
1747499706.8525546 | Node Node2 | simulate_quorum_vote | 2/2 approvals
1747499706.8551915 | Node Node2 | sign_vote | Signed block Block(Index: 3, TXs: 1, Validator: Node1)
1747499706.8624496 | Node Node1 | simulate_peer_vote | Trust 1.00 → approve
1747499706.872191 | Node Node1 | update_uptime | 1.000 → 1.000
1747499706.8828669 | Node Node1 | update_trust | 1.000 → 1.000
1747499706.8859706 | Node Node2 | simulate_peer_vote | Trust 1.00 → approve
1747499706.8979437 | Node Node2 | update_uptime | 1.000 → 1.000
1747499706.9101913 | Node Node2 | update_trust | 1.000 → 1.000
1747499706.91348 | Node Node3 | simulate_quorum_vote | 2/2 approvals
1747499706.9172022 | Node Node3 | sign_vote | Signed block Block(Index: 3, TXs: 1, Validator: Node1)
1747499900.2488527 | Node Node1 | sign_vote | Signed block Block(Index: 4, TXs: 1, Validator: Node1)
1747499900.2540991 | Node Node1 | simulate_peer_vote | Trust 1.00 → approve
1747499900.2587872 | Node Node1 | update_uptime | 1.000 → 1.000
1747499900.263683 | Node Node1 | update_trust | 1.000 → 1.000
1747499900.2649012 | Node Node3 | simulate_peer_vote | Trust 1.00 → approve
1747499900.2689936 | Node Node3 | update_uptime | 1.000 → 1.000
1747499900.2727306 | Node Node3 | update_trust | 1.000 → 1.000
1747499900.2738543 | Node Node2 | simulate_quorum_vote | 2/2 approvals
1747499900.2749112 | Node Node2 | sign_vote | Signed block Block(Index: 4, TXs: 1, Validator: Node1)
1747499900.2779217 | Node Node1 | simulate_peer_vote | Trust 1.00 → approve
1747499900.2837222 | Node Node1 | update_uptime | 1.000 → 1.000
1747499900.288256 | Node Node1 | update_trust | 1.000 → 1.000
1747499900.2897103 | Node Node2 | simulate_peer_vote | Trust 1.00 → approve
1747499900.294906 | Node Node2 | update_uptime | 1.000 → 1.000
1747499900.3000097 | Node Node2 | update_trust | 1.000 → 1.000
1747499900.301353 | Node Node3 | simulate_quorum_vote | 2/2 approvals
1747499900.3027704 | Node Node3 | sign_vote | Signed block Block(Index: 4, TXs: 1, Validator: Node1)
1747501002.3661332 | Node Node1 | sign_vote | Signed block Block(Index: 5, TXs: 1, Validator: Node1)
1747501002.3787243 | Node Node1 | simulate_peer_vote | Trust 1.00 → approve
1747501002.3916886 | Node Node1 | update_uptime | 1.000 → 1.000
1747501002.3983572 | Node Node1 | update_trust | 1.000 → 1.000
1747501002.4005947 | Node Node3 | simulate_peer_vote | Trust 1.00 → approve
1747501002.4089248 | Node Node3 | update_uptime | 1.000 → 1.000
1747501002.41903 | Node Node3 | update_trust | 1.000 → 1.000
1747501002.4215045 | Node Node2 | simulate_quorum_vote | 2/2 approvals
1747501002.4242237 | Node Node2 | sign_vote | Signed block Block(Index: 5, TXs: 1, Validator: Node1)
1747501002.4329057 | Node Node1 | simulate_peer_vote | Trust 1.00 → approve
1747501002.4441574 | Node Node1 | update_uptime | 1.000 → 1.000
1747501002.4567246 | Node Node1 | update_trust | 1.000 → 1.000
1747501002.4600177 | Node Node2 | simulate_peer_vote | Trust 1.00 → approve
1747501002.4746027 | Node Node2 | update_uptime | 1.000 → 1.000
1747501002.4891655 | Node Node2 | update_trust | 1.000 → 1.000
1747501002.4933522 | Node Node3 | simulate_quorum_vote | 2/2 approvals
1747501002.4978404 | Node Node3 | sign_vote | Signed block Block(Index: 5, TXs: 1, Validator: Node1)
1747502394.081585 | Node Node1 | sign_vote | Signed block Block(Index: 6, TXs: 1, Validator: Node1)
1747502394.0859036 | Node Node1 | simulate_peer_vote | Trust 1.00 → approve
1747502394.0915911 | Node Node1 | update_uptime | 1.000 → 1.000
1747502394.097559 | Node Node1 | update_trust | 1.000 → 1.000
1747502394.0991209 | Node Node3 | simulate_peer_vote | Trust 1.00 → approve
1747502394.1049569 | Node Node3 | update_uptime | 1.000 → 1.000
1747502394.1111522 | Node Node3 | update_trust | 1.000 → 1.000
1747502394.11339 | Node Node2 | simulate_quorum_vote | 2/2 approvals
1747502394.1153479 | Node Node2 | sign_vote | Signed block Block(Index: 6, TXs: 1, Validator: Node1)
1747502394.1209495 | Node Node1 | simulate_peer_vote | Trust 1.00 → approve
1747502394.128541 | Node Node1 | update_uptime | 1.000 → 1.000
1747502394.137107 | Node Node1 | update_trust | 1.000 → 1.000
1747502394.139189 | Node Node2 | simulate_peer_vote | Trust 1.00 → approve
1747502394.1478982 | Node Node2 | update_uptime | 1.000 → 1.000
1747502394.1573231 | Node Node2 | update_trust | 1.000 → 1.000
1747502394.1602166 | Node Node3 | simulate_quorum_vote | 2/2 approvals
1747502394.1625977 | Node Node3 | sign_vote | Signed block Block(Index: 6, TXs: 1, Validator: Node1)
1747502439.0357745 | Node Node1 | sign_vote | Signed block Block(Index: 7, TXs: 2, Validator: Node1)
1747502439.0417402 | Node Node1 | simulate_peer_vote | Trust 1.00 → approve
1747502439.0520859 | Node Node1 | update_uptime | 1.000 → 1.000
1747502439.0601594 | Node Node1 | update_trust | 1.000 → 1.000
1747502439.0621583 | Node Node3 | simulate_peer_vote | Trust 1.00 → approve
1747502439.0715652 | Node Node3 | update_uptime | 1.000 → 1.000
1747502439.080897 | Node Node3 | update_trust | 1.000 → 1.000
1747502439.083883 | Node Node2 | simulate_quorum_vote | 2/2 approvals
1747502439.0868685 | Node Node2 | sign_vote | Signed block Block(Index: 7, TXs: 2, Validator: Node1)
1747502439.0955698 | Node Node1 | simulate_peer_vote | Trust 1.00 → approve
1747502439.108684 | Node Node1 | update_uptime | 1.000 → 1.000
1747502439.1214035 | Node Node1 | update_trust | 1.000 → 1.000
1747502439.1251686 | Node Node2 | simulate_peer_vote | Trust 1.00 → approve
1747502439.138176 | Node Node2 | update_uptime | 1.000 → 1.000
1747502439.1536548 | Node Node2 | update_trust | 1.000 → 1.000
1747502439.1572142 | Node Node3 | simulate_quorum_vote | 2/2 approvals
1747502439.1609318 | Node Node3 | sign_vote | Signed block Block(Index: 7, TXs: 2, Validator: Node1)
1747502559.3405063 | Node Node1 | sign_vote | Signed block Block(Index: 8, TXs: 1, Validator: Node1)
1747502559.3460703 | Node Node1 | simulate_peer_vote | Trust 1.00 → approve
1747502559.3535345 | Node Node1 | update_uptime | 1.000 → 1.000
1747502559.3608289 | Node Node1 | update_trust | 1.000 → 1.000
1747502559.363074 | Node Node3 | simulate_peer_vote | Trust 1.00 → approve
1747502559.3712673 | Node Node3 | update_uptime | 1.000 → 1.000
1747502559.380807 | Node Node3 | update_trust | 1.000 → 1.000
1747502559.3836708 | Node Node2 | simulate_quorum_vote | 2/2 approvals
1747502559.3866472 | Node Node2 | sign_vote | Signed block Block(Index: 8, TXs: 1, Validator: Node1)
1747502559.395477 | Node Node1 | simulate_peer_vote | Trust 1.00 → approve
1747502559.4069963 | Node Node1 | update_uptime | 1.000 → 1.000
1747502559.4186075 | Node Node1 | update_trust | 1.000 → 1.000
1747502559.4216232 | Node Node2 | simulate_peer_vote | Trust 1.00 → approve
1747502559.4341838 | Node Node2 | update_uptime | 1.000 → 1.000
1747502559.4477687 | Node Node2 | update_trust | 1.000 → 1.000
1747502559.451685 | Node Node3 | simulate_quorum_vote | 2/2 approvals
1747502559.4562566 | Node Node3 | sign_vote | Signed block Block(Index: 8, TXs: 1, Validator: Node1)
1747502561.1533446 | Node Node1 | sign_vote | Signed block Block(Index: 9, TXs: 1, Validator: Node1)
1747502561.159527 | Node Node1 | simulate_peer_vote | Trust 1.00 → approve
1747502561.1702485 | Node Node1 | update_uptime | 1.000 → 1.000
1747502561.1791573 | Node Node1 | update_trust | 1.000 → 1.000
1747502561.1811304 | Node Node3 | simulate_peer_vote | Trust 1.00 → approve
1747502561.1898975 | Node Node3 | update_uptime | 1.000 → 1.000
1747502561.1982226 | Node Node3 | update_trust | 1.000 → 1.000
1747502561.2007358 | Node Node2 | simulate_quorum_vote | 2/2 approvals
1747502561.2033148 | Node Node2 | sign_vote | Signed block Block(Index: 9, TXs: 1, Validator: Node1)
1747502561.2113507 | Node Node1 | simulate_peer_vote | Trust 1.00 → approve
1747502561.2226214 | Node Node1 | update_uptime | 1.000 → 1.000
1747502561.2338915 | Node Node1 | update_trust | 1.000 → 1.000
1747502561.237331 | Node Node2 | simulate_peer_vote | Trust 1.00 → approve
1747502561.2494323 | Node Node2 | update_uptime | 1.000 → 1.000
1747502561.261546 | Node Node2 | update_trust | 1.000 → 1.000
1747502561.264698 | Node Node3 | simulate_quorum_vote | 2/2 approvals
1747502561.267666 | Node Node3 | sign_vote | Signed block Block(Index: 9, TXs: 1, Validator: Node1)
1747502564.3919377 | Node Node1 | sign_vote | Signed block Block(Index: 10, TXs: 1, Validator: Node1)
1747502564.3976076 | Node Node1 | simulate_peer_vote | Trust 1.00 → approve
1747502564.404529 | Node Node1 | update_uptime | 1.000 → 1.000
1747502564.4121404 | Node Node1 | update_trust | 1.000 → 1.000
1747502564.4143934 | Node Node3 | simulate_peer_vote | Trust 1.00 → approve
1747502564.4239898 | Node Node3 | update_uptime | 1.000 → 1.000
1747502564.4344764 | Node Node3 | update_trust | 1.000 → 1.000
1747502564.4373455 | Node Node2 | simulate_quorum_vote | 2/2 approvals
1747502564.440288 | Node Node2 | sign_vote | Signed block Block(Index: 10, TXs: 1, Validator: Node1)
1747502564.4486966 | Node Node1 | simulate_peer_vote | Trust 1.00 → approve
1747502564.4600077 | Node Node1 | update_uptime | 1.000 → 1.000
1747502564.4727018 | Node Node1 | update_trust | 1.000 → 1.000
1747502564.4760637 | Node Node2 | simulate_peer_vote | Trust 1.00 → approve
1747502564.4872084 | Node Node2 | update_uptime | 1.000 → 1.000
1747502564.4987683 | Node Node2 | update_trust | 1.000 → 1.000
1747502564.5020626 | Node Node3 | simulate_quorum_vote | 2/2 approvals
1747502564.5055106 | Node Node3 | sign_vote | Signed block Block(Index: 10, TXs: 1, Validator: Node1)
1747502575.3960547 | Node Node1 | sign_vote | Signed block Block(Index: 11, TXs: 2, Validator: Node1)
1747502575.4025915 | Node Node1 | simulate_peer_vote | Trust 1.00 → approve
1747502575.4111154 | Node Node1 | update_uptime | 1.000 → 1.000
1747502575.4215977 | Node Node1 | update_trust | 1.000 → 1.000
1747502575.424721 | Node Node3 | simulate_peer_vote | Trust 1.00 → approve
1747502575.4359047 | Node Node3 | update_uptime | 1.000 → 1.000
1747502575.4476044 | Node Node3 | update_trust | 1.000 → 1.000
1747502575.4510107 | Node Node2 | simulate_quorum_vote | 2/2 approvals
1747502575.4544966 | Node Node2 | sign_vote | Signed block Block(Index: 11, TXs: 2, Validator: Node1)
1747502575.4637434 | Node Node1 | simulate_peer_vote | Trust 1.00 → approve
1747502575.4757838 | Node Node1 | update_uptime | 1.000 → 1.000
1747502575.4891338 | Node Node1 | update_trust | 1.000 → 1.000
1747502575.4929986 | Node Node2 | simulate_peer_vote | Trust 1.00 → approve
1747502575.50715 | Node Node2 | update_uptime | 1.000 → 1.000
1747502575.5215137 | Node Node2 | update_trust | 1.000 → 1.000
1747502575.5257494 | Node Node3 | simulate_quorum_vote | 2/2 approvals
1747502575.5296264 | Node Node3 | sign_vote | Signed block Block(Index: 11, TXs: 2, Validator: Node1)
1747507241.9224725 | Node Node1 | sign_vote | Signed block Block(Index: 12, TXs: 1, Validator: Node1)
1747507241.938262 | Node Node1 | simulate_peer_vote | Trust 1.00 → approve
1747507241.948677 | Node Node1 | update_uptime | 1.000 → 1.000
1747507241.959342 | Node Node1 | update_trust | 1.000 → 1.000
1747507241.9623036 | Node Node3 | simulate_peer_vote | Trust 1.00 → approve
1747507241.973618 | Node Node3 | update_uptime | 1.000 → 1.000
1747507241.9848173 | Node Node3 | update_trust | 1.000 → 1.000
1747507241.9880483 | Node Node2 | simulate_quorum_vote | 2/2 approvals
1747507241.9910314 | Node Node2 | sign_vote | Signed block Block(Index: 12, TXs: 1, Validator: Node1)
1747507241.9995668 | Node Node1 | simulate_peer_vote | Trust 1.00 → approve
1747507242.0122368 | Node Node1 | update_uptime | 1.000 → 1.000
1747507242.0245922 | Node Node1 | update_trust | 1.000 → 1.000
1747507242.0278103 | Node Node2 | simulate_peer_vote | Trust 1.00 → approve
1747507242.0424445 | Node Node2 | update_uptime | 1.000 → 1.000
1747507242.0566986 | Node Node2 | update_trust | 1.000 → 1.000
1747507242.0609267 | Node Node3 | simulate_quorum_vote | 2/2 approvals
1747507242.0649343 | Node Node3 | sign_vote | Signed block Block(Index: 12, TXs: 1, Validator: Node1)
1747507748.2347522 | Node Node1 | sign_vote | Signed block Block(Index: 13, TXs: 1, Validator: Node1)
1747507748.2416277 | Node Node1 | simulate_peer_vote | Trust 1.00 → approve
1747507748.2497752 | Node Node1 | update_uptime | 1.000 → 1.000
1747507748.258822 | Node Node1 | update_trust | 1.000 → 1.000
1747507748.2614543 | Node Node3 | simulate_peer_vote | Trust 1.00 → approve
1747507748.2712677 | Node Node3 | update_uptime | 1.000 → 1.000
1747507748.2816997 | Node Node3 | update_trust | 1.000 → 1.000
1747507748.2846937 | Node Node2 | simulate_quorum_vote | 2/2 approvals
1747507748.2877557 | Node Node2 | sign_vote | Signed block Block(Index: 13, TXs: 1, Validator: Node1)
1747507748.2961261 | Node Node1 | simulate_peer_vote | Trust 1.00 → approve
1747507748.3077893 | Node Node1 | update_uptime | 1.000 → 1.000
1747507748.3193722 | Node Node1 | update_trust | 1.000 → 1.000
1747507748.32286 | Node Node2 | simulate_peer_vote | Trust 1.00 → approve
1747507748.3353996 | Node Node2 | update_uptime | 1.000 → 1.000
1747507748.3486435 | Node Node2 | update_trust | 1.000 → 1.000
1747507748.355132 | Node Node3 | simulate_quorum_vote | 2/2 approvals
1747507748.3592556 | Node Node3 | sign_vote | Signed block Block(Index: 13, TXs: 1, Validator: Node1)
1747507756.323269 | Node Node1 | sign_vote | Signed block Block(Index: 14, TXs: 2, Validator: Node1)
1747507756.3289235 | Node Node1 | simulate_peer_vote | Trust 1.00 → approve
1747507756.336628 | Node Node1 | update_uptime | 1.000 → 1.000
1747507756.344209 | Node Node1 | update_trust | 1.000 → 1.000
1747507756.3462436 | Node Node3 | simulate_peer_vote | Trust 1.00 → approve
1747507756.3553543 | Node Node3 | update_uptime | 1.000 → 1.000
1747507756.365861 | Node Node3 | update_trust | 1.000 → 1.000
1747507756.3687599 | Node Node2 | simulate_quorum_vote | 2/2 approvals
1747507756.3716712 | Node Node2 | sign_vote | Signed block Block(Index: 14, TXs: 2, Validator: Node1)
1747507756.3799174 | Node Node1 | simulate_peer_vote | Trust 1.00 → approve
1747507756.3911066 | Node Node1 | update_uptime | 1.000 → 1.000
1747507756.4024317 | Node Node1 | update_trust | 1.000 → 1.000
1747507756.405247 | Node Node2 | simulate_peer_vote | Trust 1.00 → approve
1747507756.416148 | Node Node2 | update_uptime | 1.000 → 1.000
1747507756.427909 | Node Node2 | update_trust | 1.000 → 1.000
1747507756.4310927 | Node Node3 | simulate_quorum_vote | 2/2 approvals
1747507756.4342532 | Node Node3 | sign_vote | Signed block Block(Index: 14, TXs: 2, Validator: Node1)
1747515401.1032805 | Node Node1 | sign_vote | Signed block Block(Index: 15, TXs: 1, Validator: Node1)
1747515401.1106231 | Node Node1 | simulate_peer_vote | Trust 1.00 → approve
1747515401.1202571 | Node Node1 | update_uptime | 1.000 → 1.000
1747515401.1312764 | Node Node1 | update_trust | 1.000 → 1.000
1747515401.1343884 | Node Node3 | simulate_peer_vote | Trust 1.00 → approve
1747515401.146996 | Node Node3 | update_uptime | 1.000 → 1.000
1747515401.160581 | Node Node3 | update_trust | 1.000 → 1.000
1747515401.164134 | Node Node2 | simulate_quorum_vote | 2/2 approvals
1747515401.1676497 | Node Node2 | sign_vote | Signed block Block(Index: 15, TXs: 1, Validator: Node1)
1747515401.178355 | Node Node1 | simulate_peer_vote | Trust 1.00 → approve
1747515401.193331 | Node Node1 | update_uptime | 1.000 → 1.000
1747515401.2082815 | Node Node1 | update_trust | 1.000 → 1.000
1747515401.2124732 | Node Node2 | simulate_peer_vote | Trust 1.00 → approve
1747515401.2275069 | Node Node2 | update_uptime | 1.000 → 1.000
1747515401.2443576 | Node Node2 | update_trust | 1.000 → 1.000
1747515401.2487597 | Node Node3 | simulate_quorum_vote | 2/2 approvals
1747515401.2531068 | Node Node3 | sign_vote | Signed block Block(Index: 15, TXs: 1, Validator: Node1)
1747519450.249501 | Node Node1 | sign_vote | Signed block Block(Index: 16, TXs: 1, Validator: Node1)
1747519450.2562478 | Node Node1 | simulate_peer_vote | Trust 1.00 → approve
1747519450.2653897 | Node Node1 | update_uptime | 1.000 → 1.000
1747519450.275686 | Node Node1 | update_trust | 1.000 → 1.000
1747519450.2787867 | Node Node3 | simulate_peer_vote | Trust 1.00 → approve
1747519450.2915921 | Node Node3 | update_uptime | 1.000 → 1.000
1747519450.30634 | Node Node3 | update_trust | 1.000 → 1.000
1747519450.3104525 | Node Node2 | simulate_quorum_vote | 2/2 approvals
1747519450.3147585 | Node Node2 | sign_vote | Signed block Block(Index: 16, TXs: 1, Validator: Node1)
1747519450.325741 | Node Node1 | simulate_peer_vote | Trust 1.00 → approve
1747519450.3398218 | Node Node1 | update_uptime | 1.000 → 1.000
1747519450.3540802 | Node Node1 | update_trust | 1.000 → 1.000
1747519450.3582988 | Node Node2 | simulate_peer_vote | Trust 1.00 → approve
1747519450.3734632 | Node Node2 | update_uptime | 1.000 → 1.000
1747519450.389384 | Node Node2 | update_trust | 1.000 → 1.000
1747519450.3934257 | Node Node3 | simulate_quorum_vote | 2/2 approvals
1747519450.3984683 | Node Node3 | sign_vote | Signed block Block(Index: 16, TXs: 1, Validator: Node1)
1747522536.8170164 | Node Node1 | sign_vote | Signed block Block(Index: 17, TXs: 1, Validator: Node1)
1747522536.8235645 | Node Node1 | simulate_peer_vote | Trust 1.00 → approve
1747522536.8326614 | Node Node1 | update_uptime | 1.000 → 1.000
1747522536.841334 | Node Node1 | update_trust | 1.000 → 1.000
1747522536.844143 | Node Node3 | simulate_peer_vote | Trust 1.00 → approve
1747522536.853068 | Node Node3 | update_uptime | 1.000 → 1.000
1747522536.8638692 | Node Node3 | update_trust | 1.000 → 1.000
1747522536.8666575 | Node Node2 | simulate_quorum_vote | 2/2 approvals
1747522536.8697298 | Node Node2 | sign_vote | Signed block Block(Index: 17, TXs: 1, Validator: Node1)
1747522536.8785954 | Node Node1 | simulate_peer_vote | Trust 1.00 → approve
1747522536.8901029 | Node Node1 | update_uptime | 1.000 → 1.000
1747522536.9039726 | Node Node1 | update_trust | 1.000 → 1.000
1747522536.9079275 | Node Node2 | simulate_peer_vote | Trust 1.00 → approve
1747522536.9227133 | Node Node2 | update_uptime | 1.000 → 1.000
1747522536.9380858 | Node Node2 | update_trust | 1.000 → 1.000
1747522536.942658 | Node Node3 | simulate_quorum_vote | 2/2 approvals
1747522536.9466975 | Node Node3 | sign_vote | Signed block Block(Index: 17, TXs: 1, Validator: Node1)
1747522537.984054 | Node Node1 | sign_vote | Signed block Block(Index: 18, TXs: 1, Validator: Node1)
1747522537.9905643 | Node Node1 | simulate_peer_vote | Trust 1.00 → approve
1747522537.998927 | Node Node1 | update_uptime | 1.000 → 1.000
1747522538.0068653 | Node Node1 | update_trust | 1.000 → 1.000
1747522538.0090542 | Node Node3 | simulate_peer_vote | Trust 1.00 → approve
1747522538.019159 | Node Node3 | update_uptime | 1.000 → 1.000
1747522538.0272095 | Node Node3 | update_trust | 1.000 → 1.000
1747522538.0294864 | Node Node2 | simulate_quorum_vote | 2/2 approvals
1747522538.0315363 | Node Node2 | sign_vote | Signed block Block(Index: 18, TXs: 1, Validator: Node1)
1747522538.0377657 | Node Node1 | simulate_peer_vote | Trust 1.00 → approve
1747522538.045491 | Node Node1 | update_uptime | 1.000 → 1.000
1747522538.0533192 | Node Node1 | update_trust | 1.000 → 1.000
1747522538.0555363 | Node Node2 | simulate_peer_vote | Trust 1.00 → approve
1747522538.0638635 | Node Node2 | update_uptime | 1.000 → 1.000
1747522538.0718994 | Node Node2 | update_trust | 1.000 → 1.000
1747522538.0741146 | Node Node3 | simulate_quorum_vote | 2/2 approvals
1747522538.0765204 | Node Node3 | sign_vote | Signed block Block(Index: 18, TXs: 1, Validator: Node1)
1747522540.140564 | Node Node1 | sign_vote | Signed block Block(Index: 19, TXs: 1, Validator: Node1)
1747522540.147028 | Node Node1 | simulate_peer_vote | Trust 1.00 → approve
1747522540.15594 | Node Node1 | update_uptime | 1.000 → 1.000
1747522540.165137 | Node Node1 | update_trust | 1.000 → 1.000
1747522540.1678636 | Node Node3 | simulate_peer_vote | Trust 1.00 → approve
1747522540.1776187 | Node Node3 | update_uptime | 1.000 → 1.000
1747522540.1867635 | Node Node3 | update_trust | 1.000 → 1.000
1747522540.1894348 | Node Node2 | simulate_quorum_vote | 2/2 approvals
1747522540.1920834 | Node Node2 | sign_vote | Signed block Block(Index: 19, TXs: 1, Validator: Node1)
1747522540.1998112 | Node Node1 | simulate_peer_vote | Trust 1.00 → approve
1747522540.2107787 | Node Node1 | update_uptime | 1.000 → 1.000
1747522540.2208126 | Node Node1 | update_trust | 1.000 → 1.000
1747522540.2236621 | Node Node2 | simulate_peer_vote | Trust 1.00 → approve
1747522540.2357554 | Node Node2 | update_uptime | 1.000 → 1.000
1747522540.2481084 | Node Node2 | update_trust | 1.000 → 1.000
1747522540.2518075 | Node Node3 | simulate_quorum_vote | 2/2 approvals
1747522540.255341 | Node Node3 | sign_vote | Signed block Block(Index: 19, TXs: 1, Validator: Node1)
1747522541.6965091 | Node Node1 | sign_vote | Signed block Block(Index: 20, TXs: 1, Validator: Node1)
1747522541.7007668 | Node Node1 | simulate_peer_vote | Trust 1.00 → approve
1747522541.7062356 | Node Node1 | update_uptime | 1.000 → 1.000
1747522541.7111683 | Node Node1 | update_trust | 1.000 → 1.000
1747522541.7126093 | Node Node3 | simulate_peer_vote | Trust 1.00 → approve
1747522541.7170987 | Node Node3 | update_uptime | 1.000 → 1.000
1747522541.7212894 | Node Node3 | update_trust | 1.000 → 1.000
1747522541.7224648 | Node Node2 | simulate_quorum_vote | 2/2 approvals
1747522541.723957 | Node Node2 | sign_vote | Signed block Block(Index: 20, TXs: 1, Validator: Node1)
1747522541.7270675 | Node Node1 | simulate_peer_vote | Trust 1.00 → approve
1747522541.7316878 | Node Node1 | update_uptime | 1.000 → 1.000
1747522541.7367408 | Node Node1 | update_trust | 1.000 → 1.000
1747522541.7382371 | Node Node2 | simulate_peer_vote | Trust 1.00 → approve
1747522541.7440243 | Node Node2 | update_uptime | 1.000 → 1.000
1747522541.7498477 | Node Node2 | update_trust | 1.000 → 1.000
1747522541.7513711 | Node Node3 | simulate_quorum_vote | 2/2 approvals
1747522541.7529283 | Node Node3 | sign_vote | Signed block Block(Index: 20, TXs: 1, Validator: Node1)
1747522543.3568766 | Node Node1 | sign_vote | Signed block Block(Index: 21, TXs: 1, Validator: Node1)
1747522543.3623726 | Node Node1 | simulate_peer_vote | Trust 1.00 → approve
1747522543.3697143 | Node Node1 | update_uptime | 1.000 → 1.000
1747522543.377493 | Node Node1 | update_trust | 1.000 → 1.000
1747522543.3796396 | Node Node3 | simulate_peer_vote | Trust 1.00 → approve
1747522543.3878982 | Node Node3 | update_uptime | 1.000 → 1.000
1747522543.3974817 | Node Node3 | update_trust | 1.000 → 1.000
1747522543.4000804 | Node Node2 | simulate_quorum_vote | 2/2 approvals
1747522543.4033613 | Node Node2 | sign_vote | Signed block Block(Index: 21, TXs: 1, Validator: Node1)
1747522543.4119298 | Node Node1 | simulate_peer_vote | Trust 1.00 → approve
1747522543.423299 | Node Node1 | update_uptime | 1.000 → 1.000
1747522543.4339225 | Node Node1 | update_trust | 1.000 → 1.000
1747522543.436872 | Node Node2 | simulate_peer_vote | Trust 1.00 → approve
1747522543.4478323 | Node Node2 | update_uptime | 1.000 → 1.000
1747522543.459541 | Node Node2 | update_trust | 1.000 → 1.000
1747522543.4626045 | Node Node3 | simulate_quorum_vote | 2/2 approvals
1747522543.4658747 | Node Node3 | sign_vote | Signed block Block(Index: 21, TXs: 1, Validator: Node1)
1747522544.4660652 | Node Node1 | sign_vote | Signed block Block(Index: 22, TXs: 1, Validator: Node1)
1747522544.4721165 | Node Node1 | simulate_peer_vote | Trust 1.00 → approve
1747522544.4812336 | Node Node1 | update_uptime | 1.000 → 1.000
1747522544.4906914 | Node Node1 | update_trust | 1.000 → 1.000
1747522544.493207 | Node Node3 | simulate_peer_vote | Trust 1.00 → approve
1747522544.5030732 | Node Node3 | update_uptime | 1.000 → 1.000
1747522544.5148907 | Node Node3 | update_trust | 1.000 → 1.000
1747522544.51824 | Node Node2 | simulate_quorum_vote | 2/2 approvals
1747522544.5217607 | Node Node2 | sign_vote | Signed block Block(Index: 22, TXs: 1, Validator: Node1)
1747522544.5311942 | Node Node1 | simulate_peer_vote | Trust 1.00 → approve
1747522544.5433028 | Node Node1 | update_uptime | 1.000 → 1.000
1747522544.5557888 | Node Node1 | update_trust | 1.000 → 1.000
1747522544.5590057 | Node Node2 | simulate_peer_vote | Trust 1.00 → approve
1747522544.5704787 | Node Node2 | update_uptime | 1.000 → 1.000
1747522544.5820942 | Node Node2 | update_trust | 1.000 → 1.000
1747522544.5854573 | Node Node3 | simulate_quorum_vote | 2/2 approvals
1747522544.5888455 | Node Node3 | sign_vote | Signed block Block(Index: 22, TXs: 1, Validator: Node1)
1747522545.9170098 | Node Node1 | sign_vote | Signed block Block(Index: 23, TXs: 1, Validator: Node1)
1747522545.9238691 | Node Node1 | simulate_peer_vote | Trust 1.00 → approve
1747522545.9318233 | Node Node1 | update_uptime | 1.000 → 1.000
1747522545.9381158 | Node Node1 | update_trust | 1.000 → 1.000
1747522545.9396641 | Node Node3 | simulate_peer_vote | Trust 1.00 → approve
1747522545.9450781 | Node Node3 | update_uptime | 1.000 → 1.000
1747522545.9505105 | Node Node3 | update_trust | 1.000 → 1.000
1747522545.9519446 | Node Node2 | simulate_quorum_vote | 2/2 approvals
1747522545.9533975 | Node Node2 | sign_vote | Signed block Block(Index: 23, TXs: 1, Validator: Node1)
1747522545.9576514 | Node Node1 | simulate_peer_vote | Trust 1.00 → approve
1747522545.9629 | Node Node1 | update_uptime | 1.000 → 1.000
1747522545.9673991 | Node Node1 | update_trust | 1.000 → 1.000
1747522545.9685714 | Node Node2 | simulate_peer_vote | Trust 1.00 → approve
1747522545.9732792 | Node Node2 | update_uptime | 1.000 → 1.000
1747522545.978691 | Node Node2 | update_trust | 1.000 → 1.000
1747522545.9806883 | Node Node3 | simulate_quorum_vote | 2/2 approvals
1747522545.982192 | Node Node3 | sign_vote | Signed block Block(Index: 23, TXs: 1, Validator: Node1)
1747522547.3287494 | Node Node1 | sign_vote | Signed block Block(Index: 24, TXs: 1, Validator: Node1)
1747522547.3359683 | Node Node1 | simulate_peer_vote | Trust 1.00 → approve
1747522547.3429077 | Node Node1 | update_uptime | 1.000 → 1.000
1747522547.3498085 | Node Node1 | update_trust | 1.000 → 1.000
1747522547.3521795 | Node Node3 | simulate_peer_vote | Trust 1.00 → approve
1747522547.3590753 | Node Node3 | update_uptime | 1.000 → 1.000
1747522547.3666255 | Node Node3 | update_trust | 1.000 → 1.000
1747522547.3688855 | Node Node2 | simulate_quorum_vote | 2/2 approvals
1747522547.3712556 | Node Node2 | sign_vote | Signed block Block(Index: 24, TXs: 1, Validator: Node1)
1747522547.3783138 | Node Node1 | simulate_peer_vote | Trust 1.00 → approve
1747522547.3872013 | Node Node1 | update_uptime | 1.000 → 1.000
1747522547.3980682 | Node Node1 | update_trust | 1.000 → 1.000
1747522547.4009807 | Node Node2 | simulate_peer_vote | Trust 1.00 → approve
1747522547.412533 | Node Node2 | update_uptime | 1.000 → 1.000
1747522547.4246933 | Node Node2 | update_trust | 1.000 → 1.000
1747522547.4283192 | Node Node3 | simulate_quorum_vote | 2/2 approvals
1747522547.4318817 | Node Node3 | sign_vote | Signed block Block(Index: 24, TXs: 1, Validator: Node1)
1747526905.2691636 | Node Node1 | sign_vote | Signed block Block(Index: 25, TXs: 1, Validator: Node1)
1747526905.2722688 | Node Node1 | simulate_peer_vote | Trust 1.00 → approve
1747526905.276277 | Node Node1 | update_uptime | 1.000 → 1.000
1747526905.2797945 | Node Node1 | update_trust | 1.000 → 1.000
1747526905.282669 | Node Node3 | simulate_peer_vote | Trust 1.00 → approve
1747526905.2866175 | Node Node3 | update_uptime | 1.000 → 1.000
1747526905.29014 | Node Node3 | update_trust | 1.000 → 1.000
1747526905.2911792 | Node Node2 | simulate_quorum_vote | 2/2 approvals
1747526905.292004 | Node Node2 | sign_vote | Signed block Block(Index: 25, TXs: 1, Validator: Node1)
1747526905.2946157 | Node Node1 | simulate_peer_vote | Trust 1.00 → approve
1747526905.29891 | Node Node1 | update_uptime | 1.000 → 1.000
1747526905.3023744 | Node Node1 | update_trust | 1.000 → 1.000
1747526905.3034015 | Node Node2 | simulate_peer_vote | Trust 1.00 → approve
1747526905.307238 | Node Node2 | update_uptime | 1.000 → 1.000
1747526905.3127587 | Node Node2 | update_trust | 1.000 → 1.000
1747526905.3147109 | Node Node3 | simulate_quorum_vote | 2/2 approvals
1747526905.3155055 | Node Node3 | sign_vote | Signed block Block(Index: 25, TXs: 1, Validator: Node1)
1747526925.1541913 | Node Node1 | sign_vote | Signed block Block(Index: 26, TXs: 1, Validator: Node1)
1747526925.161051 | Node Node1 | simulate_peer_vote | Trust 1.00 → approve
1747526925.168738 | Node Node1 | update_uptime | 1.000 → 1.000
1747526925.1755478 | Node Node1 | update_trust | 1.000 → 1.000
1747526925.1777165 | Node Node3 | simulate_peer_vote | Trust 1.00 → approve
1747526925.186596 | Node Node3 | update_uptime | 1.000 → 1.000
1747526925.1964834 | Node Node3 | update_trust | 1.000 → 1.000
1747526925.1992576 | Node Node2 | simulate_quorum_vote | 2/2 approvals
1747526925.2026153 | Node Node2 | sign_vote | Signed block Block(Index: 26, TXs: 1, Validator: Node1)
1747526925.2116938 | Node Node1 | simulate_peer_vote | Trust 1.00 → approve
1747526925.2229366 | Node Node1 | update_uptime | 1.000 → 1.000
1747526925.2360113 | Node Node1 | update_trust | 1.000 → 1.000
1747526925.2393858 | Node Node2 | simulate_peer_vote | Trust 1.00 → approve
1747526925.2541645 | Node Node2 | update_uptime | 1.000 → 1.000
1747526925.2700953 | Node Node2 | update_trust | 1.000 → 1.000
1747526925.2744327 | Node Node3 | simulate_quorum_vote | 2/2 approvals
1747526925.2786312 | Node Node3 | sign_vote | Signed block Block(Index: 26, TXs: 1, Validator: Node1)
1747526929.088646 | Node Node1 | sign_vote | Signed block Block(Index: 27, TXs: 1, Validator: Node1)
1747526929.095099 | Node Node1 | simulate_peer_vote | Trust 1.00 → approve
1747526929.1044466 | Node Node1 | update_uptime | 1.000 → 1.000
1747526929.1144176 | Node Node1 | update_trust | 1.000 → 1.000
1747526929.1172218 | Node Node3 | simulate_peer_vote | Trust 1.00 → approve
1747526929.1316981 | Node Node3 | update_uptime | 1.000 → 1.000
1747526929.1444774 | Node Node3 | update_trust | 1.000 → 1.000
1747526929.148641 | Node Node2 | simulate_quorum_vote | 2/2 approvals
1747526929.1531236 | Node Node2 | sign_vote | Signed block Block(Index: 27, TXs: 1, Validator: Node1)
1747526929.1646495 | Node Node1 | simulate_peer_vote | Trust 1.00 → approve
1747526929.1790528 | Node Node1 | update_uptime | 1.000 → 1.000
1747526929.1938322 | Node Node1 | update_trust | 1.000 → 1.000
1747526929.1981328 | Node Node2 | simulate_peer_vote | Trust 1.00 → approve
1747526929.2132444 | Node Node2 | update_uptime | 1.000 → 1.000
1747526929.2282858 | Node Node2 | update_trust | 1.000 → 1.000
1747526929.2326403 | Node Node3 | simulate_quorum_vote | 2/2 approvals
1747526929.2370522 | Node Node3 | sign_vote | Signed block Block(Index: 27, TXs: 1, Validator: Node1)
