2025-05-17 12:10:10 | LOGIN | blmvxer
2025-05-17 12:10:12 | LOGOUT | blmvxer
2025-05-17 12:14:32 | LOGIN | 123
2025-05-17 12:14:36 | LOGOUT | 123
2025-05-17 12:16:17 | REGISTER | blmvxer
2025-05-17 12:16:23 | LOGIN | blmvxer
2025-05-17 12:16:41 | LOGOUT | blmvxer
2025-05-17 12:16:57 | REGISTER | exchange01
2025-05-17 12:17:48 | LOGIN | blmvxer
2025-05-17 12:19:06 | LOGOUT | blmvxer
2025-05-17 12:19:30 | LOGIN | blmvxer
2025-05-17 12:19:38 | LOGOUT | blmvxer
2025-05-17 12:21:24 | LOGIN | blmvxer
2025-05-17 12:30:22 | LOGOUT | blmvxer
2025-05-17 12:31:45 | LOGIN | blmvxer
2025-05-17 12:32:30 | LOGOUT | blmvxer
2025-05-17 12:33:42 | LOGIN | blmvxer
2025-05-17 12:34:11 | LOGOUT | blmvxer
2025-05-17 12:35:04 | LOGIN | blmvxer
2025-05-17 12:35:11 | LOGOUT | blmvxer
2025-05-17 12:38:08 | REGISTER | todd
2025-05-17 12:38:18 | LOGIN | todd
2025-05-17 12:56:16 | LOGOUT | todd
2025-05-17 12:56:41 | LOGIN | blmvxer
2025-05-17 13:11:03 | LOGOUT | blmvxer
2025-05-17 13:19:52 | LOGIN | blmvxer
2025-05-17 13:21:57 | LOGOUT | blmvxer
2025-05-17 13:22:37 | LOGIN | blmvxer
2025-05-17 14:40:03 | LOGOUT | blmvxer
2025-05-17 14:40:40 | LOGIN | blmvxer
2025-05-17 14:48:56 | LOGOUT | blmvxer
2025-05-17 14:49:06 | LOGIN | blmvxer
